C51 COMPILER V8.16   SEDMI                                                                 12/20/2022 18:30:29 PAGE 1   


C51 COMPILER V8.16, COMPILATION OF MODULE SEDMI
OBJECT MODULE PLACED IN sedmi.OBJ
COMPILER INVOKED BY: C:\Keil\C51\BIN\C51.EXE sedmi.c BROWSE DEBUG OBJECTEXTEND

line level    source

   1          #include <at89c51rc2.h>
   2          
   3          char* ime = "Nenad\r\n";
   4          char *error = "Error\r\n";
   5          char receive; 
   6          char diode_code;
   7          
   8          char *pokZaSlanje;
   9          char buffer[10];
  10          char buffer_it = 0;
  11          
  12          void parsirajPoruku() {
  13   1              
  14   1              if(buffer[0] == '(' &&
  15   1                 buffer[1] == 'L' &&
  16   1                 buffer[2] == 'E' &&
  17   1                 buffer[3] == 'D' &&
  18   1                 buffer[4] == ':' &&
  19   1                 buffer[5] >= 48  && buffer[5] <= 55 &&
  20   1                 buffer[6] == ')') {
  21   2                 
  22   2                  diode_code = buffer[5] - 48;
  23   2                  P2 = 1 << diode_code;
  24   2                 }
  25   1              else {
  26   2                      P2 = 0xFF;
  27   2              }
  28   1      
  29   1              buffer[0] = '\0';
  30   1              buffer_it = 0;
  31   1      }
  32          
  33          void asy_interrupt(void) interrupt 4 {
  34   1              
  35   1              // Recieve
  36   1              if(RI) {
  37   2                      
  38   2                      RI = 0; 
  39   2                      receive = SBUF;
  40   2      
  41   2                      if (receive == '(') {
  42   3                              buffer_it = 0;
  43   3                      }
  44   2      
  45   2                      buffer[buffer_it] = receive;
  46   2                      buffer_it = (buffer_it + 1) % 10;
  47   2      
  48   2                      if(receive == ')') {
  49   3                              parsirajPoruku();
  50   3                      }
  51   2              }
  52   1              // Transmit
  53   1              if(TI) {
  54   2              
  55   2                      TI = 0; 
C51 COMPILER V8.16   SEDMI                                                                 12/20/2022 18:30:29 PAGE 2   

  56   2              }
  57   1      }
  58          
  59          
  60          void main(void) {
  61   1      
  62   1              // Inicijalizacija
  63   1              EA = 0;
  64   1              SCON = 0x50;
  65   1              PCON = 0x80;
  66   1              BDRCON = 0x1C;
  67   1              BRL = 0xFD;
  68   1              ES = 1;
  69   1              EA = 1;
  70   1      
  71   1              P2 = 0x00;
  72   1      
  73   1              while(1) {
  74   2                      
  75   2              }               
  76   1      }


MODULE INFORMATION:   STATIC OVERLAYABLE
   CODE SIZE        =    201    ----
   CONSTANT SIZE    =     16    ----
   XDATA SIZE       =   ----    ----
   PDATA SIZE       =   ----    ----
   DATA SIZE        =     22    ----
   IDATA SIZE       =   ----    ----
   BIT SIZE         =   ----    ----
END OF MODULE INFORMATION.


C51 COMPILATION COMPLETE.  0 WARNING(S),  0 ERROR(S)
