C51 COMPILER V8.16   DOMACI                                                                11/05/2022 08:40:36 PAGE 1   


C51 COMPILER V8.16, COMPILATION OF MODULE DOMACI
OBJECT MODULE PLACED IN domaci.OBJ
COMPILER INVOKED BY: C:\Keil\C51\BIN\C51.EXE domaci.c BROWSE DEBUG OBJECTEXTEND

line level    source

   1          void convertStr(char* op, unsigned int* opN, char type, int size) {
   2   1      
   3   1          int i;
   4   1          int ak = 1;
   5   1      
   6   1          if(type == 'h') {
   7   2              for(i = size; i > 0; i--) {
   8   3      
   9   3                  if(*(op+i) >= '0' && *(op+i) <= '9') {
  10   4                      *opN += ak * ((unsigned int) *(op+i) - 48);
  11   4                  }
  12   3                  else if(*(op+i) >= 'A' && *(op+i) <= 'F') {
  13   4                      *opN += ak * ((unsigned int) *(op+i) - 55);
  14   4                  }
  15   3                  else {
  16   4                      *opN = -1;
  17   4                      return;
  18   4                  }
  19   3      
  20   3                  ak *= 16;
  21   3              }
  22   2          }
  23   1          else if(type == 'b') {
  24   2              for(i = size; i > 0; i--) {
  25   3      
  26   3                  if(*(op+i) != '1' && *(op+i) != '0') {
  27   4                      *opN = -1;
  28   4                      return;
  29   4                  }
  30   3                  else {
  31   4                      *opN += ak * ((unsigned int) *(op+i) - 48);
  32   4                      ak *= 2;
  33   4                  }
  34   3              }
  35   2          }
  36   1          else if(type == 'd') {
  37   2              for(i = size-1; i >= 0; i--) {
  38   3                  if(*(op+i) >= '0' && *(op+i) <= '9') {
  39   4                      *opN += ak * ((unsigned int) *(op+i) - 48);
  40   4                      ak *= 10;
  41   4                  }
  42   3              }
  43   2              if(*opN > 255) {
  44   3                  *opN = -1;
  45   3                  return;
  46   3              }
  47   2          }
  48   1      }
  49          
  50          void recognizeType(char* op, unsigned int* opN) {
  51   1          
  52   1          int size = 0;
  53   1      
  54   1          if(*op == 'H' || *op == 'h') {
  55   2              int i = 1;
C51 COMPILER V8.16   DOMACI                                                                11/05/2022 08:40:36 PAGE 2   

  56   2              while(*(op+i) != '\0') {
  57   3                  size++;
  58   3                  i++;
  59   3              }
  60   2              if(size > 2){
  61   3                  *opN = -1;
  62   3                  return;
  63   3              }
  64   2              convertStr(op, opN, 'h', size);
  65   2          }
  66   1          else if(*op == 'B' || *op == 'b') {
  67   2              int i = 1;
  68   2              while(*(op+i) != '\0') {
  69   3                  size++;
  70   3                  i++;
  71   3              }
  72   2              if(size > 8) {
  73   3                  *opN = -1;
  74   3                  return;
  75   3              }
  76   2              convertStr(op, opN, 'b', size);
  77   2          }
  78   1          else if(*op >= '0' && *op <= '9') {
  79   2              int i = 0;
  80   2              while(*(op+i) != '\0') {
  81   3                  size++;
  82   3                  i++;
  83   3              }
  84   2              if(size > 3) {
  85   3                  *opN = -1;
  86   3                  return;
  87   3              }
  88   2              convertStr(op, opN, 'd', size);
  89   2          }
  90   1          else{
  91   2              *opN = -1;
  92   2              return;
  93   2          }
  94   1      }
  95          
  96          void convertNum(unsigned int r, char* rez) {
  97   1          int d;
  98   1          int k = 0;
  99   1          int ak = 100;
 100   1      
 101   1          do{
 102   2              d = r / ak;
 103   2              if(d == 0) {
 104   3                  r = r % ak;
 105   3                  continue;
 106   3              }
 107   2              *(rez+k) = (char) d+48;
 108   2              k++;
 109   2              r = r % ak;
 110   2              ak /= 10;
 111   2          }while(r != 0);
 112   1      
 113   1          *(rez+k) = '\0';
 114   1      }
 115          
 116          void izracunaj(char* op1, char* op2, char* rez, char operant) {
 117   1          
C51 COMPILER V8.16   DOMACI                                                                11/05/2022 08:40:36 PAGE 3   

 118   1          unsigned int opN1=0, opN2=0;
 119   1          unsigned int r;
 120   1          
 121   1          recognizeType(op1, &opN1);
 122   1          recognizeType(op2, &opN2);
 123   1      
 124   1          if(opN1 == -1 || opN2 == -1) {
 125   2              *rez = 'N';
 126   2              return;
 127   2          }
 128   1      
 129   1          switch (operant){
 130   2              case '+':
 131   2                  r = opN1 + opN2;
 132   2                  if(r > 255) {
 133   3                      *rez = 'N';
 134   3                      break;
 135   3                  }
 136   2                  convertNum(r, rez);
 137   2                  break;
 138   2              
 139   2              case '*':
 140   2                  r = opN1*opN2;
 141   2                  if(r > 255) {
 142   3                      *rez = 'N';
 143   3                      break;
 144   3                  }
 145   2                  convertNum(r, rez);
 146   2                  break;
 147   2              
 148   2              case '/':
 149   2                  if(opN2 == 0) {
 150   3                      *rez = 'N';
 151   3                      break;
 152   3                  }
 153   2                  r = opN1 / opN2;
 154   2                  convertNum(r, rez);
 155   2                  break;
 156   2      
 157   2              case 'c':
 158   2                  r = 2*opN1;
 159   2                              if(r > 255) {
 160   3                                      *rez = 'N';
 161   3                                      break;
 162   3                              }
 163   2                  r -= opN2;
 164   2                              if(r < 0) {
 165   3                                      *rez = 'N';
 166   3                                      break;
 167   3                              }
 168   2      
 169   2                              convertNum(r, rez);
 170   2                      break;
 171   2              
 172   2              default:
 173   2                  *rez = 'N';
 174   2                  break;
 175   2              }
 176   1      }
 177          
 178          void main() {
 179   1      
C51 COMPILER V8.16   DOMACI                                                                11/05/2022 08:40:36 PAGE 4   

 180   1          char br[] = {'2', '0', '\0'};
 181   1          char br2[] = {'3', '\0'};
 182   1          char r[3];
 183   1      
 184   1          izracunaj(br, br2, r, 'c');
 185   1      }


MODULE INFORMATION:   STATIC OVERLAYABLE
   CODE SIZE        =   1192    ----
   CONSTANT SIZE    =      5    ----
   XDATA SIZE       =   ----    ----
   PDATA SIZE       =   ----    ----
   DATA SIZE        =   ----      56
   IDATA SIZE       =   ----    ----
   BIT SIZE         =   ----    ----
END OF MODULE INFORMATION.


C51 COMPILATION COMPLETE.  0 WARNING(S),  0 ERROR(S)
