This is pdfTeX, Version 3.141592653-2.6-1.40.25 (MiKTeX 23.5) (preloaded format=pdflatex 2023.6.2)  11 JUL 2023 14:50
entering extended mode
 restricted \write18 enabled.
 file:line:error style messages enabled.
 %&-line parsing enabled.
**"c:/Users/radov/Desktop/Projekti/Projekat UARV/Dokumentacija.tex"
(c:/Users/radov/Desktop/Projekti/Projekat UARV/Dokumentacija.tex
LaTeX2e <2022-11-01> patch level 1
L3 programming layer <2023-05-15> (C:\Users\radov\AppData\Local\Programs\MiKTeX\tex/latex/base\article.cls
Document Class: article 2022/07/02 v1.4n Standard LaTeX document class
(C:\Users\radov\AppData\Local\Programs\MiKTeX\tex/latex/base\size12.clo
File: size12.clo 2022/07/02 v1.4n Standard LaTeX file (size option)
)
\c@part=\count185
\c@section=\count186
\c@subsection=\count187
\c@subsubsection=\count188
\c@paragraph=\count189
\c@subparagraph=\count190
\c@figure=\count191
\c@table=\count192
\abovecaptionskip=\skip48
\belowcaptionskip=\skip49
\bibindent=\dimen140
) (C:\Users\radov\AppData\Local\Programs\MiKTeX\tex/latex/geometry\geometry.sty
Package: geometry 2020/01/02 v5.9 Page Geometry
 (C:\Users\radov\AppData\Local\Programs\MiKTeX\tex/latex/graphics\keyval.sty
Package: keyval 2022/05/29 v1.15 key=value parser (DPC)
\KV@toks@=\toks16
) (C:\Users\radov\AppData\Local\Programs\MiKTeX\tex/generic/iftex\ifvtex.sty
Package: ifvtex 2019/10/25 v1.7 ifvtex legacy package. Use iftex instead.
 (C:\Users\radov\AppData\Local\Programs\MiKTeX\tex/generic/iftex\iftex.sty
Package: iftex 2022/02/03 v1.0f TeX engine tests
))
\Gm@cnth=\count193
\Gm@cntv=\count194
\c@Gm@tempcnt=\count195
\Gm@bindingoffset=\dimen141
\Gm@wd@mp=\dimen142
\Gm@odd@mp=\dimen143
\Gm@even@mp=\dimen144
\Gm@layoutwidth=\dimen145
\Gm@layoutheight=\dimen146
\Gm@layouthoffset=\dimen147
\Gm@layoutvoffset=\dimen148
\Gm@dimlist=\toks17
 (C:\Users\radov\AppData\Local\Programs\MiKTeX\tex/latex/geometry\geometry.cfg)) (C:\Users\radov\AppData\Local\Programs\MiKTeX\tex/latex/graphics\graphicx.sty
Package: graphicx 2021/09/16 v1.2d Enhanced LaTeX Graphics (DPC,SPQR)
 (C:\Users\radov\AppData\Local\Programs\MiKTeX\tex/latex/graphics\graphics.sty
Package: graphics 2022/03/10 v1.4e Standard LaTeX Graphics (DPC,SPQR)
 (C:\Users\radov\AppData\Local\Programs\MiKTeX\tex/latex/graphics\trig.sty
Package: trig 2021/08/11 v1.11 sin cos tan (DPC)
) (C:\Users\radov\AppData\Local\Programs\MiKTeX\tex/latex/graphics-cfg\graphics.cfg
File: graphics.cfg 2016/06/04 v1.11 sample graphics configuration
)
Package graphics Info: Driver file: pdftex.def on input line 107.
 (C:\Users\radov\AppData\Local\Programs\MiKTeX\tex/latex/graphics-def\pdftex.def
File: pdftex.def 2022/09/22 v1.2b Graphics/color driver for pdftex
))
\Gin@req@height=\dimen149
\Gin@req@width=\dimen150
) (C:\Users\radov\AppData\Local\Programs\MiKTeX\tex/latex/siunitx\siunitx.sty
Package: siunitx 2023-04-13 v3.2.5 A comprehensive (SI) units package
\l__siunitx_angle_tmp_dim=\dimen151
\l__siunitx_angle_marker_box=\box51
\l__siunitx_angle_unit_box=\box52
\l__siunitx_compound_count_int=\count196
 (C:\Users\radov\AppData\Local\Programs\MiKTeX\tex/latex/translations\translations.sty
Package: translations 2022/02/05 v1.12 internationalization of LaTeX2e packages (CN)
 (C:\Users\radov\AppData\Local\Programs\MiKTeX\tex/latex/etoolbox\etoolbox.sty
Package: etoolbox 2020/10/05 v2.5k e-TeX tools for LaTeX (JAW)
\etb@tempcnta=\count197
) (C:\Users\radov\AppData\Local\Programs\MiKTeX\tex/generic/pdftexcmds\pdftexcmds.sty
Package: pdftexcmds 2020-06-27 v0.33 Utility functions of pdfTeX for LuaTeX (HO)
 (C:\Users\radov\AppData\Local\Programs\MiKTeX\tex/generic/infwarerr\infwarerr.sty
Package: infwarerr 2019/12/03 v1.5 Providing info/warning/error messages (HO)
) (C:\Users\radov\AppData\Local\Programs\MiKTeX\tex/generic/ltxcmds\ltxcmds.sty
Package: ltxcmds 2020-05-10 v1.25 LaTeX kernel commands for general use (HO)
)
Package pdftexcmds Info: \pdf@primitive is available.
Package pdftexcmds Info: \pdf@ifprimitive is available.
Package pdftexcmds Info: \pdfdraftmode found.
))
\l__siunitx_number_exponent_fixed_int=\count198
\l__siunitx_number_min_decimal_int=\count199
\l__siunitx_number_min_integer_int=\count266
\l__siunitx_number_round_precision_int=\count267
\l__siunitx_number_lower_threshold_int=\count268
\l__siunitx_number_upper_threshold_int=\count269
\l__siunitx_number_group_first_int=\count270
\l__siunitx_number_group_size_int=\count271
\l__siunitx_number_group_minimum_int=\count272
 (C:\Users\radov\AppData\Local\Programs\MiKTeX\tex/latex/amsmath\amstext.sty
Package: amstext 2021/08/26 v2.01 AMS text
 (C:\Users\radov\AppData\Local\Programs\MiKTeX\tex/latex/amsmath\amsgen.sty
File: amsgen.sty 1999/11/30 v2.0 generic functions
\@emptytoks=\toks18
\ex@=\dimen152
))
\l__siunitx_table_tmp_box=\box53
\l__siunitx_table_tmp_dim=\dimen153
\l__siunitx_table_column_width_dim=\dimen154
\l__siunitx_table_integer_box=\box54
\l__siunitx_table_decimal_box=\box55
\l__siunitx_table_uncert_box=\box56
\l__siunitx_table_before_box=\box57
\l__siunitx_table_after_box=\box58
\l__siunitx_table_before_dim=\dimen155
\l__siunitx_table_carry_dim=\dimen156
\l__siunitx_unit_tmp_int=\count273
\l__siunitx_unit_position_int=\count274
\l__siunitx_unit_total_int=\count275
 (C:\Users\radov\AppData\Local\Programs\MiKTeX\tex/latex/tools\array.sty
Package: array 2022/09/04 v2.5g Tabular extension package (FMi)
\col@sep=\dimen157
\ar@mcellbox=\box59
\extrarowheight=\dimen158
\NC@list=\toks19
\extratabsurround=\skip50
\backup@length=\skip51
\ar@cellbox=\box60
))
Package translations Info: No language package found. I am going to use `english' as default language. on input line 14.
 (C:\Users\radov\AppData\Local\Programs\MiKTeX\tex/latex/l3backend\l3backend-pdftex.def
File: l3backend-pdftex.def 2023-04-19 L3 backend support: PDF output (pdfTeX)
\l__color_backend_stack_int=\count276
\l__pdf_internal_box=\box61
) (Dokumentacija.aux)
\openout1 = `Dokumentacija.aux'.

LaTeX Font Info:    Checking defaults for OML/cmm/m/it on input line 14.
LaTeX Font Info:    ... okay on input line 14.
LaTeX Font Info:    Checking defaults for OMS/cmsy/m/n on input line 14.
LaTeX Font Info:    ... okay on input line 14.
LaTeX Font Info:    Checking defaults for OT1/cmr/m/n on input line 14.
LaTeX Font Info:    ... okay on input line 14.
LaTeX Font Info:    Checking defaults for T1/cmr/m/n on input line 14.
LaTeX Font Info:    ... okay on input line 14.
LaTeX Font Info:    Checking defaults for TS1/cmr/m/n on input line 14.
LaTeX Font Info:    ... okay on input line 14.
LaTeX Font Info:    Checking defaults for OMX/cmex/m/n on input line 14.
LaTeX Font Info:    ... okay on input line 14.
LaTeX Font Info:    Checking defaults for U/cmr/m/n on input line 14.
LaTeX Font Info:    ... okay on input line 14.

*geometry* driver: auto-detecting
*geometry* detected driver: pdftex
*geometry* verbose mode - [ preamble ] result:
* driver: pdftex
* paper: legalpaper
* layout: <same size as paper>
* layoutoffset:(h,v)=(0.0pt,0.0pt)
* modes: 
* h-part:(L,W,R)=(72.26999pt, 469.75502pt, 72.26999pt)
* v-part:(T,H,B)=(72.26999pt, 867.24002pt, 72.26999pt)
* \paperwidth=614.295pt
* \paperheight=1011.78pt
* \textwidth=469.75502pt
* \textheight=867.24002pt
* \oddsidemargin=0.0pt
* \evensidemargin=0.0pt
* \topmargin=-37.0pt
* \headheight=12.0pt
* \headsep=25.0pt
* \topskip=12.0pt
* \footskip=30.0pt
* \marginparwidth=44.0pt
* \marginparsep=10.0pt
* \columnsep=10.0pt
* \skip\footins=10.8pt plus 4.0pt minus 2.0pt
* \hoffset=0.0pt
* \voffset=0.0pt
* \mag=1000
* \@twocolumnfalse
* \@twosidefalse
* \@mparswitchfalse
* \@reversemarginfalse
* (1in=72.27pt=25.4mm, 1cm=28.453pt)

(C:\Users\radov\AppData\Local\Programs\MiKTeX\tex/context/base/mkii\supp-pdf.mkii
[Loading MPS to PDF converter (version 2006.09.02).]
\scratchcounter=\count277
\scratchdimen=\dimen159
\scratchbox=\box62
\nofMPsegments=\count278
\nofMParguments=\count279
\everyMPshowfont=\toks20
\MPscratchCnt=\count280
\MPscratchDim=\dimen160
\MPnumerator=\count281
\makeMPintoPDFobject=\count282
\everyMPtoPDFconversion=\toks21
) (C:\Users\radov\AppData\Local\Programs\MiKTeX\tex/latex/epstopdf-pkg\epstopdf-base.sty
Package: epstopdf-base 2020-01-24 v2.11 Base part for package epstopdf
Package epstopdf-base Info: Redefining graphics rule for `.eps' on input line 485.
 (C:\Users\radov\AppData\Local\Programs\MiKTeX\tex/latex/00miktex\epstopdf-sys.cfg
File: epstopdf-sys.cfg 2021/03/18 v2.0 Configuration of epstopdf for MiKTeX
)) (C:\Users\radov\AppData\Local\Programs\MiKTeX\tex/latex/graphics\color.sty
Package: color 2022/01/06 v1.3d Standard LaTeX Color (DPC)
 (C:\Users\radov\AppData\Local\Programs\MiKTeX\tex/latex/graphics-cfg\color.cfg
File: color.cfg 2016/01/02 v1.6 sample color configuration
)
Package color Info: Driver file: pdftex.def on input line 149.
 (C:\Users\radov\AppData\Local\Programs\MiKTeX\tex/latex/graphics\mathcolor.ltx)) (C:\Users\radov\AppData\Local\Programs\MiKTeX\tex/latex/translations/dicts\translations-basic-dictionary-english.trsl
File: translations-basic-dictionary-english.trsl (english translation file `translations-basic-dictionary')
)
Package translations Info: loading dictionary `translations-basic-dictionary' for `english'. on input line 14.
LaTeX Font Info:    External font `cmex10' loaded for size
(Font)              <14.4> on input line 15.
LaTeX Font Info:    External font `cmex10' loaded for size
(Font)              <7> on input line 15.
 [1

{C:/Users/radov/AppData/Local/MiKTeX/fonts/map/pdftex/pdftex.map}] (Dokumentacija.toc
LaTeX Font Info:    External font `cmex10' loaded for size
(Font)              <12> on input line 2.
LaTeX Font Info:    External font `cmex10' loaded for size
(Font)              <8> on input line 2.
LaTeX Font Info:    External font `cmex10' loaded for size
(Font)              <6> on input line 2.
)
\tf@toc=\write3
\openout3 = `Dokumentacija.toc'.

 [1]
<Slike/SYSTEM APPEARANCE.PNG, id=12, 659.46375pt x 456.95718pt>
File: Slike/SYSTEM APPEARANCE.PNG Graphic file (type png)
<use Slike/SYSTEM APPEARANCE.PNG>
Package pdftex.def Info: Slike/SYSTEM APPEARANCE.PNG  used on input line 40.
(pdftex.def)             Requested size: 469.75502pt x 325.51564pt.
 [2 <./Slike/SYSTEM APPEARANCE.PNG>]
Overfull \hbox (0.30739pt too wide) in paragraph at lines 95--97
[]\OT1/cmr/bx/n/12 Dio ap-likacije na \OT1/cmr/bx/it/12 cRIO \OT1/cmr/bx/n/12 mod-ulu \OT1/cmr/m/n/12 pred-stavlja modul koji prima ko-mande sa ra^^Tcunara,
 []

<Slike/SCADA.vi FRONT PANEL.png, id=20, 358.33875pt x 324.0105pt>
File: Slike/SCADA.vi FRONT PANEL.png Graphic file (type png)
<use Slike/SCADA.vi FRONT PANEL.png>
Package pdftex.def Info: Slike/SCADA.vi FRONT PANEL.png  used on input line 108.
(pdftex.def)             Requested size: 258.36668pt x 233.62851pt.
[3 <./Slike/SCADA.vi FRONT PANEL.png (PNG copy)>]
<Slike/SCADA.vi HAND-AUTO CASE.png, id=24, 1107.53775pt x 528.17325pt>
File: Slike/SCADA.vi HAND-AUTO CASE.png Graphic file (type png)
<use Slike/SCADA.vi HAND-AUTO CASE.png>
Package pdftex.def Info: Slike/SCADA.vi HAND-AUTO CASE.png  used on input line 139.
(pdftex.def)             Requested size: 469.75502pt x 224.0153pt.
<Slike/MIDDLE.vi CODE.png, id=25, 990.70125pt x 503.481pt>
File: Slike/MIDDLE.vi CODE.png Graphic file (type png)
<use Slike/MIDDLE.vi CODE.png>
Package pdftex.def Info: Slike/MIDDLE.vi CODE.png  used on input line 156.
(pdftex.def)             Requested size: 469.75502pt x 238.73341pt.
 [4 <./Slike/SCADA.vi HAND-AUTO CASE.png (PNG copy)>]
<Slike/SCADA.vi SYSTEM ON CASE.png, id=29, 908.79526pt x 514.92375pt>
File: Slike/SCADA.vi SYSTEM ON CASE.png Graphic file (type png)
<use Slike/SCADA.vi SYSTEM ON CASE.png>
Package pdftex.def Info: Slike/SCADA.vi SYSTEM ON CASE.png  used on input line 179.
(pdftex.def)             Requested size: 469.75502pt x 266.15904pt.
<Slike/SCADA.vi EMERGENCY CASE.png, id=30, 958.17975pt x 514.92375pt>
File: Slike/SCADA.vi EMERGENCY CASE.png Graphic file (type png)
<use Slike/SCADA.vi EMERGENCY CASE.png>
Package pdftex.def Info: Slike/SCADA.vi EMERGENCY CASE.png  used on input line 189.
(pdftex.def)             Requested size: 469.75502pt x 252.44841pt.
 [5 <./Slike/MIDDLE.vi CODE.png (PNG copy)> <./Slike/SCADA.vi SYSTEM ON CASE.png (PNG copy)>]
<Slike/SCADA.vi ACK FAULT CASE.png, id=34, 1023.22275pt x 526.96875pt>
File: Slike/SCADA.vi ACK FAULT CASE.png Graphic file (type png)
<use Slike/SCADA.vi ACK FAULT CASE.png>
Package pdftex.def Info: Slike/SCADA.vi ACK FAULT CASE.png  used on input line 202.
(pdftex.def)             Requested size: 469.75502pt x 241.9261pt.
<Slike/cRIO.vi CODE.png, id=35, 1084.65225pt x 509.5035pt>
File: Slike/cRIO.vi CODE.png Graphic file (type png)
<use Slike/cRIO.vi CODE.png>
Package pdftex.def Info: Slike/cRIO.vi CODE.png  used on input line 225.
(pdftex.def)             Requested size: 469.75502pt x 220.66043pt.
 [6 <./Slike/SCADA.vi EMERGENCY CASE.png (PNG copy)> <./Slike/SCADA.vi ACK FAULT CASE.png (PNG copy)>]
LaTeX Font Info:    Trying to load font information for OMS+cmr on input line 247.
 (C:\Users\radov\AppData\Local\Programs\MiKTeX\tex/latex/base\omscmr.fd
File: omscmr.fd 2022/07/10 v2.5l Standard LaTeX font definitions
)
LaTeX Font Info:    Font shape `OMS/cmr/m/it' in size <12> not available
(Font)              Font shape `OMS/cmsy/m/n' tried instead on input line 247.
<Slike/HAND_AUTO.vi AUTO TO HAND.png, id=40, 763.653pt x 507.0945pt>
File: Slike/HAND_AUTO.vi AUTO TO HAND.png Graphic file (type png)
<use Slike/HAND_AUTO.vi AUTO TO HAND.png>
Package pdftex.def Info: Slike/HAND_AUTO.vi AUTO TO HAND.png  used on input line 265.
(pdftex.def)             Requested size: 342.91914pt x 227.71841pt.
 [7 <./Slike/cRIO.vi CODE.png (PNG copy)> <./Slike/HAND_AUTO.vi AUTO TO HAND.png (PNG copy)>]
<Slike/HAND_AUTO.vi PUMPS ON.png, id=45, 795.57225pt x 518.53725pt>
File: Slike/HAND_AUTO.vi PUMPS ON.png Graphic file (type png)
<use Slike/HAND_AUTO.vi PUMPS ON.png>
Package pdftex.def Info: Slike/HAND_AUTO.vi PUMPS ON.png  used on input line 290.
(pdftex.def)             Requested size: 422.77664pt x 275.55927pt.
<Slike/HAND_AUTO.vi PUMPS OFF.png, id=46, 775.09575pt x 526.3665pt>
File: Slike/HAND_AUTO.vi PUMPS OFF.png Graphic file (type png)
<use Slike/HAND_AUTO.vi PUMPS OFF.png>
Package pdftex.def Info: Slike/HAND_AUTO.vi PUMPS OFF.png  used on input line 298.
(pdftex.def)             Requested size: 422.77664pt x 287.101pt.
 [8 <./Slike/HAND_AUTO.vi PUMPS ON.png (PNG copy)> <./Slike/HAND_AUTO.vi PUMPS OFF.png (PNG copy)>]
<Slike/HAND DRY PUMPS.PNG, id=50, 511.9125pt x 479.54156pt>
File: Slike/HAND DRY PUMPS.PNG Graphic file (type png)
<use Slike/HAND DRY PUMPS.PNG>
Package pdftex.def Info: Slike/HAND DRY PUMPS.PNG  used on input line 315.
(pdftex.def)             Requested size: 328.82707pt x 308.0324pt.
<Slike/HAND_AUTO.vi WAIT.png, id=51, 763.653pt x 519.74174pt>
File: Slike/HAND_AUTO.vi WAIT.png Graphic file (type png)
<use Slike/HAND_AUTO.vi WAIT.png>
Package pdftex.def Info: Slike/HAND_AUTO.vi WAIT.png  used on input line 321.
(pdftex.def)             Requested size: 422.77664pt x 287.74632pt.
 [9 <./Slike/HAND DRY PUMPS.PNG> <./Slike/HAND_AUTO.vi WAIT.png (PNG copy)>]
<Slike/HAND_AUTO.vi HAND TO AUTO.png, id=56, 446.8695pt x 505.28775pt>
File: Slike/HAND_AUTO.vi HAND TO AUTO.png Graphic file (type png)
<use Slike/HAND_AUTO.vi HAND TO AUTO.png>
Package pdftex.def Info: Slike/HAND_AUTO.vi HAND TO AUTO.png  used on input line 332.
(pdftex.def)             Requested size: 234.8775pt x 265.58073pt.
<Slike/HAND_AUTO.vi AUTO SYSTEM OFF 1.png, id=57, 513.117pt x 348.70274pt>
File: Slike/HAND_AUTO.vi AUTO SYSTEM OFF 1.png Graphic file (type png)
<use Slike/HAND_AUTO.vi AUTO SYSTEM OFF 1.png>
Package pdftex.def Info: Slike/HAND_AUTO.vi AUTO SYSTEM OFF 1.png  used on input line 357.
(pdftex.def)             Requested size: 328.82707pt x 223.47226pt.
 [10 <./Slike/HAND_AUTO.vi HAND TO AUTO.png (PNG copy)> <./Slike/HAND_AUTO.vi AUTO SYSTEM OFF 1.png (PNG copy)>]
<Slike/HAND_AUTO.vi AUTO SYSTEM OFF 2.png, id=61, 504.6855pt x 358.33875pt>
File: Slike/HAND_AUTO.vi AUTO SYSTEM OFF 2.png Graphic file (type png)
<use Slike/HAND_AUTO.vi AUTO SYSTEM OFF 2.png>
Package pdftex.def Info: Slike/HAND_AUTO.vi AUTO SYSTEM OFF 2.png  used on input line 370.
(pdftex.def)             Requested size: 328.82707pt x 233.48607pt.
<Slike/HAND_AUTO.vi AUTO SYSTEM ON.png, id=62, 358.33875pt x 311.9655pt>
File: Slike/HAND_AUTO.vi AUTO SYSTEM ON.png Graphic file (type png)
<use Slike/HAND_AUTO.vi AUTO SYSTEM ON.png>
Package pdftex.def Info: Slike/HAND_AUTO.vi AUTO SYSTEM ON.png  used on input line 379.
(pdftex.def)             Requested size: 328.82707pt x 286.29295pt.

Overfull \hbox (3.27975pt too wide) in paragraph at lines 388--393
[]\OT1/cmr/m/n/12 Kre^^Sce se od prov-jere da li je sis-tem za reg-u-laciju uklju^^Tcen, ^^Tsto se nalazi u \OT1/cmr/m/it/12 H1[]System[]On[]SP
 []

[11 <./Slike/HAND_AUTO.vi AUTO SYSTEM OFF 2.png (PNG copy)> <./Slike/HAND_AUTO.vi AUTO SYSTEM ON.png (PNG copy)>]
Overfull \hbox (10.25304pt too wide) in paragraph at lines 404--417
 [][] 
 []

<Slike/HAND_AUTO.vi AUTO WAIT NOSENSORB2.png, id=66, 1046.7105pt x 503.481pt>
File: Slike/HAND_AUTO.vi AUTO WAIT NOSENSORB2.png Graphic file (type png)
<use Slike/HAND_AUTO.vi AUTO WAIT NOSENSORB2.png>
Package pdftex.def Info: Slike/HAND_AUTO.vi AUTO WAIT NOSENSORB2.png  used on input line 422.
(pdftex.def)             Requested size: 469.75502pt x 225.95743pt.
<Slike/HAND_AUTO.vi TIME.png, id=67, 805.8105pt x 365.56575pt>
File: Slike/HAND_AUTO.vi TIME.png Graphic file (type png)
<use Slike/HAND_AUTO.vi TIME.png>
Package pdftex.def Info: Slike/HAND_AUTO.vi TIME.png  used on input line 434.
(pdftex.def)             Requested size: 469.75502pt x 213.116pt.
[12 <./Slike/HAND_AUTO.vi AUTO WAIT NOSENSORB2.png (PNG copy)> <./Slike/HAND_AUTO.vi TIME.png (PNG copy)>]
<Slike/HAND_AUTO.vi AUTO PUMP SWITCH.png, id=72, 893.739pt x 371.58826pt>
File: Slike/HAND_AUTO.vi AUTO PUMP SWITCH.png Graphic file (type png)
<use Slike/HAND_AUTO.vi AUTO PUMP SWITCH.png>
Package pdftex.def Info: Slike/HAND_AUTO.vi AUTO PUMP SWITCH.png  used on input line 446.
(pdftex.def)             Requested size: 469.75502pt x 195.30788pt.
<Slike/HAND_AUTO.vi SENSORB3B5.png, id=73, 1103.322pt x 472.164pt>
File: Slike/HAND_AUTO.vi SENSORB3B5.png Graphic file (type png)
<use Slike/HAND_AUTO.vi SENSORB3B5.png>
Package pdftex.def Info: Slike/HAND_AUTO.vi SENSORB3B5.png  used on input line 459.
(pdftex.def)             Requested size: 469.75502pt x 201.03087pt.
 [13 <./Slike/HAND_AUTO.vi AUTO PUMP SWITCH.png (PNG copy)> <./Slike/HAND_AUTO.vi SENSORB3B5.png (PNG copy)>]
Overfull \hbox (5.2574pt too wide) in paragraph at lines 467--472
[]\OT1/cmr/m/n/12 Poslednje stanje koje je potrebno raz-motriti jeste \OT1/cmr/m/it/12 Emer-gency \OT1/cmr/m/n/12 stanje. Kao ^^Tsto je i o^^Tcekivano,
 []

<Slike/HAND_AUTO.vi EMERGENCY.png, id=77, 950.3505pt x 504.08325pt>
File: Slike/HAND_AUTO.vi EMERGENCY.png Graphic file (type png)
<use Slike/HAND_AUTO.vi EMERGENCY.png>
Package pdftex.def Info: Slike/HAND_AUTO.vi EMERGENCY.png  used on input line 475.
(pdftex.def)             Requested size: 469.75502pt x 249.1643pt.
<Slike/HAND_AUTO.vi TIME FALSE.png, id=78, 788.9475pt x 375.804pt>
File: Slike/HAND_AUTO.vi TIME FALSE.png Graphic file (type png)
<use Slike/HAND_AUTO.vi TIME FALSE.png>
Package pdftex.def Info: Slike/HAND_AUTO.vi TIME FALSE.png  used on input line 485.
(pdftex.def)             Requested size: 469.75502pt x 223.75812pt.
[14 <./Slike/HAND_AUTO.vi EMERGENCY.png (PNG copy)> <./Slike/HAND_AUTO.vi TIME FALSE.png (PNG copy)>] (Dokumentacija.aux) ) 
Here is how much of TeX's memory you used:
 6454 strings out of 476411
 163927 string characters out of 5789135
 1860845 words of memory out of 5000000
 26755 multiletter control sequences out of 15000+600000
 519892 words of font info for 56 fonts, out of 8000000 for 9000
 1141 hyphenation exceptions out of 8191
 73i,9n,77p,279b,525s stack positions out of 10000i,1000n,20000p,200000b,200000s
<C:/Users/radov/AppData/Local/Programs/MiKTeX/fonts/type1/public/amsfonts/cm/cmbx12.pfb><C:/Users/radov/AppData/Local/Programs/MiKTeX/fonts/type1/public/amsfonts/cm/cmbxti10.pfb><C:/Users/radov/AppData/Local/Programs/MiKTeX/fonts/type1/public/amsfonts/cm/cmmi12.pfb><C:/Users/radov/AppData/Local/Programs/MiKTeX/fonts/type1/public/amsfonts/cm/cmr12.pfb><C:/Users/radov/AppData/Local/Programs/MiKTeX/fonts/type1/public/amsfonts/cm/cmr8.pfb><C:/Users/radov/AppData/Local/Programs/MiKTeX/fonts/type1/public/amsfonts/cm/cmsy10.pfb><C:/Users/radov/AppData/Local/Programs/MiKTeX/fonts/type1/public/amsfonts/cm/cmti12.pfb>
Output written on Dokumentacija.pdf (15 pages, 1865188 bytes).
PDF statistics:
 112 PDF objects out of 1000 (max. 8388607)
 0 named destinations out of 1000 (max. 500000)
 116 words of extra memory for PDF output out of 10000 (max. 10000000)

